{"/Users/jonathanlasley/HackReactor/front-end-capstone/controllers/index.js": {"path":"/Users/jonathanlasley/HackReactor/front-end-capstone/controllers/index.js","statementMap":{"0":{"start":{"line":1,"column":14},"end":{"line":1,"column":30}},"1":{"start":{"line":2,"column":10},"end":{"line":2,"column":27}},"2":{"start":{"line":4,"column":18},"end":{"line":13,"column":1}},"3":{"start":{"line":5,"column":2},"end":{"line":12,"column":24}},"4":{"start":{"line":7,"column":6},"end":{"line":9,"column":7}},"5":{"start":{"line":8,"column":8},"end":{"line":8,"column":41}},"6":{"start":{"line":10,"column":6},"end":{"line":10,"column":18}},"7":{"start":{"line":12,"column":20},"end":{"line":12,"column":23}},"8":{"start":{"line":15,"column":0},"end":{"line":17,"column":2}}},"fnMap":{"0":{"name":"(anonymous_0)","decl":{"start":{"line":4,"column":18},"end":{"line":4,"column":19}},"loc":{"start":{"line":5,"column":2},"end":{"line":12,"column":24}},"line":5},"1":{"name":"(anonymous_1)","decl":{"start":{"line":6,"column":10},"end":{"line":6,"column":11}},"loc":{"start":{"line":6,"column":24},"end":{"line":11,"column":5}},"line":6},"2":{"name":"(anonymous_2)","decl":{"start":{"line":12,"column":11},"end":{"line":12,"column":12}},"loc":{"start":{"line":12,"column":20},"end":{"line":12,"column":23}},"line":12}},"branchMap":{"0":{"loc":{"start":{"line":7,"column":6},"end":{"line":9,"column":7}},"type":"if","locations":[{"start":{"line":7,"column":6},"end":{"line":9,"column":7}},{"start":{"line":7,"column":6},"end":{"line":9,"column":7}}],"line":7}},"s":{"0":1,"1":1,"2":1,"3":2,"4":2,"5":1,"6":1,"7":1,"8":1},"f":{"0":2,"1":2,"2":1},"b":{"0":[1,1]},"_coverageSchema":"1a1c01bbd47fc00a2c39e90264f33305004495a9","hash":"a475ada7242fd8427acdf33e8dfb68f27b88ec7e"}
,"/Users/jonathanlasley/HackReactor/front-end-capstone/db/mongoose.js": {"path":"/Users/jonathanlasley/HackReactor/front-end-capstone/db/mongoose.js","statementMap":{"0":{"start":{"line":1,"column":17},"end":{"line":1,"column":36}},"1":{"start":{"line":2,"column":14},"end":{"line":2,"column":47}},"2":{"start":{"line":4,"column":0},"end":{"line":4,"column":72}},"3":{"start":{"line":5,"column":20},"end":{"line":5,"column":66}},"4":{"start":{"line":5,"column":26},"end":{"line":5,"column":66}},"5":{"start":{"line":7,"column":21},"end":{"line":17,"column":24}},"6":{"start":{"line":19,"column":22},"end":{"line":22,"column":2}},"7":{"start":{"line":24,"column":16},"end":{"line":24,"column":56}},"8":{"start":{"line":26,"column":0},"end":{"line":30,"column":2}}},"fnMap":{"0":{"name":"(anonymous_0)","decl":{"start":{"line":5,"column":20},"end":{"line":5,"column":21}},"loc":{"start":{"line":5,"column":26},"end":{"line":5,"column":66}},"line":5}},"branchMap":{},"s":{"0":2,"1":2,"2":2,"3":2,"4":2,"5":2,"6":2,"7":2,"8":2},"f":{"0":2},"b":{},"_coverageSchema":"1a1c01bbd47fc00a2c39e90264f33305004495a9","hash":"5d92e0793b73efffe50bbfe3aa105a1f06445bc8"}
,"/Users/jonathanlasley/HackReactor/front-end-capstone/server/index.js": {"path":"/Users/jonathanlasley/HackReactor/front-end-capstone/server/index.js","statementMap":{"0":{"start":{"line":1,"column":16},"end":{"line":1,"column":34}},"1":{"start":{"line":2,"column":19},"end":{"line":2,"column":41}},"2":{"start":{"line":4,"column":13},"end":{"line":4,"column":58}},"3":{"start":{"line":5,"column":12},"end":{"line":5,"column":21}},"4":{"start":{"line":7,"column":20},"end":{"line":7,"column":48}},"5":{"start":{"line":9,"column":0},"end":{"line":9,"column":27}},"6":{"start":{"line":11,"column":0},"end":{"line":18,"column":3}},"7":{"start":{"line":12,"column":2},"end":{"line":17,"column":3}},"8":{"start":{"line":13,"column":20},"end":{"line":13,"column":76}},"9":{"start":{"line":14,"column":4},"end":{"line":14,"column":34}},"10":{"start":{"line":16,"column":4},"end":{"line":16,"column":30}},"11":{"start":{"line":20,"column":0},"end":{"line":28,"column":3}},"12":{"start":{"line":21,"column":2},"end":{"line":27,"column":3}},"13":{"start":{"line":22,"column":17},"end":{"line":22,"column":38}},"14":{"start":{"line":23,"column":4},"end":{"line":23,"column":33}},"15":{"start":{"line":24,"column":4},"end":{"line":24,"column":33}},"16":{"start":{"line":26,"column":4},"end":{"line":26,"column":30}},"17":{"start":{"line":30,"column":0},"end":{"line":37,"column":3}},"18":{"start":{"line":31,"column":2},"end":{"line":36,"column":3}},"19":{"start":{"line":32,"column":19},"end":{"line":32,"column":65}},"20":{"start":{"line":33,"column":4},"end":{"line":33,"column":33}},"21":{"start":{"line":35,"column":4},"end":{"line":35,"column":27}},"22":{"start":{"line":39,"column":0},"end":{"line":39,"column":21}}},"fnMap":{"0":{"name":"(anonymous_0)","decl":{"start":{"line":11,"column":28},"end":{"line":11,"column":29}},"loc":{"start":{"line":11,"column":48},"end":{"line":18,"column":1}},"line":11},"1":{"name":"(anonymous_1)","decl":{"start":{"line":20,"column":25},"end":{"line":20,"column":26}},"loc":{"start":{"line":20,"column":45},"end":{"line":28,"column":1}},"line":20},"2":{"name":"(anonymous_2)","decl":{"start":{"line":30,"column":31},"end":{"line":30,"column":32}},"loc":{"start":{"line":30,"column":51},"end":{"line":37,"column":1}},"line":30}},"branchMap":{"0":{"loc":{"start":{"line":4,"column":13},"end":{"line":4,"column":58}},"type":"cond-expr","locations":[{"start":{"line":4,"column":47},"end":{"line":4,"column":51}},{"start":{"line":4,"column":54},"end":{"line":4,"column":58}}],"line":4}},"s":{"0":1,"1":1,"2":1,"3":1,"4":1,"5":1,"6":1,"7":2,"8":2,"9":2,"10":0,"11":1,"12":2,"13":2,"14":2,"15":2,"16":0,"17":1,"18":1,"19":1,"20":1,"21":0,"22":1},"f":{"0":2,"1":2,"2":1},"b":{"0":[1,0]},"_coverageSchema":"1a1c01bbd47fc00a2c39e90264f33305004495a9","hash":"15d120b06c0d26d9729311865c06a21455ddff82"}
,"/Users/jonathanlasley/HackReactor/front-end-capstone/src/assets/icons.js": {"path":"/Users/jonathanlasley/HackReactor/front-end-capstone/src/assets/icons.js","statementMap":{"0":{"start":{"line":1,"column":0},"end":{"line":1,"column":330}}},"fnMap":{},"branchMap":{},"s":{"0":2},"f":{},"b":{},"_coverageSchema":"1a1c01bbd47fc00a2c39e90264f33305004495a9","hash":"b7332749e3ca206a4a5218291a5a524c0db4c86a"}
}
